2024-01-28 18:57:52.306 [main] INFO  MessageSource - JVM TimeZone: GMT+08:00, Locale: zh_CN
2024-01-28 18:57:52.309 [main] INFO  MessageSource - use Locale: zh_CN timeZone: sun.util.calendar.ZoneInfo[id="GMT+08:00",offset=28800000,dstSavings=0,useDaylight=false,transitions=0,lastRule=null]
2024-01-28 18:57:52.330 [main] INFO  VMInfo - VMInfo# operatingSystem class => sun.management.OperatingSystemImpl
2024-01-28 18:57:52.335 [main] INFO  Engine - the machine info  => 

	osInfo:	Oracle Corporation 1.8 25.192-b12
	jvmInfo:	Windows 10 amd64 10.0
	cpu num:	16

	totalPhysicalMemory:	-0.00G
	freePhysicalMemory:	-0.00G
	maxFileDescriptorCount:	-1
	currentOpenFileDescriptorCount:	-1

	GC Names	[PS MarkSweep, PS Scavenge]

	MEMORY_NAME                    | allocation_size                | init_size                      
	PS Eden Space                  | 512.50MB                       | 512.50MB                       
	Code Cache                     | 240.00MB                       | 2.44MB                         
	Compressed Class Space         | 1,024.00MB                     | 0.00MB                         
	PS Survivor Space              | 85.00MB                        | 85.00MB                        
	PS Old Gen                     | 1,365.50MB                     | 1,365.50MB                     
	Metaspace                      | -0.00MB                        | 0.00MB                         


2024-01-28 18:57:52.381 [main] INFO  Engine - 
{
	"content":[
		{
			"reader":{
				"name":"sqlserverreader",
				"parameter":{
					"column":[
						"[SERIAL_NO]",
						"[USER_TYPE]",
						"[ID_TYPE]",
						"[CITIZENSHIP]",
						"[INOUTSIDE_IDENTITY]",
						"[SUBJECT_IDENTITY]",
						"[OCCU_TYPE]",
						"[LEGAL_REP_TYPE]",
						"[SZORG_TYPE]",
						"[TRADE]",
						"[PRO_CLS]",
						"[ACCT_TYPE]",
						"[OPEN_TYPE]",
						"[LOGIC_STAT]",
						"[PROMPT_TIP]"
					],
					"connection":[
						{
							"jdbcUrl":[
								"jdbc:sqlserver://10.81.2.110:1433;DatabaseName=YGT;"
							],
							"table":[
								"YGT.dbo.OPP_BUSI_OPEN_LOGIC_CFG"
							]
						}
					],
					"password":"*********",
					"splitPk":"",
					"username":"sa"
				}
			},
			"writer":{
				"name":"postgresqlwriter",
				"parameter":{
					"column":[
						"\"serial_no\"",
						"\"user_type\"",
						"\"id_type\"",
						"\"citizenship\"",
						"\"inoutside_identity\"",
						"\"subject_identity\"",
						"\"occu_type\"",
						"\"legal_rep_type\"",
						"\"szorg_type\"",
						"\"trade\"",
						"\"pro_cls\"",
						"\"acct_type\"",
						"\"open_type\"",
						"\"logic_stat\"",
						"\"prompt_tip\""
					],
					"connection":[
						{
							"jdbcUrl":"jdbc:postgresql://10.201.65.24:30100/ygt",
							"table":[
								"ygt.ygt.opp_busi_open_logic_cfg"
							]
						}
					],
					"password":"*************",
					"preSql":[
						"TRUNCATE TABLE ygt.ygt.opp_busi_open_logic_cfg"
					],
					"username":"ygt"
				}
			}
		}
	],
	"setting":{
		"errorLimit":{
			"record":0
		},
		"speed":{
			"byte":-1,
			"channel":10,
			"record":-1
		}
	}
}

2024-01-28 18:57:52.406 [main] WARN  Engine - prioriy set to 0, because NumberFormatException, the value is: null
2024-01-28 18:57:52.409 [main] INFO  PerfTrace - PerfTrace traceId=job_-1, isEnable=false, priority=0
2024-01-28 18:57:52.409 [main] INFO  JobContainer - DataX jobContainer starts job.
2024-01-28 18:57:52.412 [main] INFO  JobContainer - Set jobId = 0
