2024-01-28 17:50:57.096 [main] INFO  MessageSource - JVM TimeZone: GMT+08:00, Locale: zh_CN
2024-01-28 17:50:57.098 [main] INFO  MessageSource - use Locale: zh_CN timeZone: sun.util.calendar.ZoneInfo[id="GMT+08:00",offset=28800000,dstSavings=0,useDaylight=false,transitions=0,lastRule=null]
2024-01-28 17:50:57.109 [main] INFO  VMInfo - VMInfo# operatingSystem class => sun.management.OperatingSystemImpl
2024-01-28 17:50:57.115 [main] INFO  Engine - the machine info  => 

	osInfo:	Oracle Corporation 1.8 25.192-b12
	jvmInfo:	Windows 10 amd64 10.0
	cpu num:	16

	totalPhysicalMemory:	-0.00G
	freePhysicalMemory:	-0.00G
	maxFileDescriptorCount:	-1
	currentOpenFileDescriptorCount:	-1

	GC Names	[PS MarkSweep, PS Scavenge]

	MEMORY_NAME                    | allocation_size                | init_size                      
	PS Eden Space                  | 512.50MB                       | 512.50MB                       
	Code Cache                     | 240.00MB                       | 2.44MB                         
	Compressed Class Space         | 1,024.00MB                     | 0.00MB                         
	PS Survivor Space              | 85.00MB                        | 85.00MB                        
	PS Old Gen                     | 1,365.50MB                     | 1,365.50MB                     
	Metaspace                      | -0.00MB                        | 0.00MB                         


2024-01-28 17:50:57.146 [main] INFO  Engine - 
{
	"content":[
		{
			"reader":{
				"name":"sqlserverreader",
				"parameter":{
					"column":[
						"[BUSI_CODE]",
						"[USER_TYPE]",
						"[PARAM_CODE]",
						"[PARAM_NAME]",
						"[PARAM_VALUE]",
						"[REMARK]",
						"[MANA_TYPE]",
						"[BUSI_TYPE]",
						"[DATA_TYPE]",
						"[VALID_CHAR]",
						"[MAX_VAL]",
						"[MIN_VAL]",
						"[VALID_LEN]",
						"[VALID_DEC]",
						"[LEGAL_ID]"
					],
					"connection":[
						{
							"jdbcUrl":[
								"jdbc:sqlserver://10.81.2.110:1433;DatabaseName=YGT;"
							],
							"table":[
								"YGT.dbo.OPP_BUSI_COMM_PARAM"
							]
						}
					],
					"password":"*********",
					"splitPk":"",
					"username":"sa"
				}
			},
			"writer":{
				"name":"postgresqlwriter",
				"parameter":{
					"column":[
						"\"busi_code\"",
						"\"user_type\"",
						"\"param_code\"",
						"\"param_name\"",
						"\"param_value\"",
						"\"remark\"",
						"\"mana_type\"",
						"\"busi_type\"",
						"\"data_type\"",
						"\"valid_char\"",
						"\"max_val\"",
						"\"min_val\"",
						"\"valid_len\"",
						"\"valid_dec\"",
						"\"legal_id\""
					],
					"connection":[
						{
							"jdbcUrl":"jdbc:postgresql://10.201.65.24:30100/ygt",
							"table":[
								"ygt.ygt.opp_busi_comm_param"
							]
						}
					],
					"password":"*************",
					"preSql":[
						"TRUNCATE TABLE ygt.ygt.opp_busi_comm_param"
					],
					"username":"ygt"
				}
			}
		}
	],
	"setting":{
		"errorLimit":{
			"record":0
		},
		"speed":{
			"byte":-1,
			"channel":10,
			"record":-1
		}
	}
}

2024-01-28 17:50:57.165 [main] WARN  Engine - prioriy set to 0, because NumberFormatException, the value is: null
2024-01-28 17:50:57.167 [main] INFO  PerfTrace - PerfTrace traceId=job_-1, isEnable=false, priority=0
2024-01-28 17:50:57.167 [main] INFO  JobContainer - DataX jobContainer starts job.
2024-01-28 17:50:57.170 [main] INFO  JobContainer - Set jobId = 0
2024-01-28 17:51:05.028 [job-0] INFO  OriginalConfPretreatmentUtil - Available jdbcUrl:jdbc:sqlserver://10.81.2.110:1433;DatabaseName=YGT;.
2024-01-28 17:51:05.233 [job-0] INFO  OriginalConfPretreatmentUtil - table:[YGT.dbo.OPP_BUSI_COMM_PARAM] has columns:[BUSI_CODE,USER_TYPE,PARAM_CODE,PARAM_NAME,PARAM_VALUE,REMARK,MANA_TYPE,BUSI_TYPE,DATA_TYPE,VALID_CHAR,MAX_VAL,MIN_VAL,VALID_LEN,VALID_DEC,LEGAL_ID].
