2024-01-28 18:40:45.109 [main] INFO  MessageSource - JVM TimeZone: GMT+08:00, Locale: zh_CN
2024-01-28 18:40:45.113 [main] INFO  MessageSource - use Locale: zh_CN timeZone: sun.util.calendar.ZoneInfo[id="GMT+08:00",offset=28800000,dstSavings=0,useDaylight=false,transitions=0,lastRule=null]
2024-01-28 18:40:45.124 [main] INFO  VMInfo - VMInfo# operatingSystem class => sun.management.OperatingSystemImpl
2024-01-28 18:40:45.131 [main] INFO  Engine - the machine info  => 

	osInfo:	Oracle Corporation 1.8 25.192-b12
	jvmInfo:	Windows 10 amd64 10.0
	cpu num:	16

	totalPhysicalMemory:	-0.00G
	freePhysicalMemory:	-0.00G
	maxFileDescriptorCount:	-1
	currentOpenFileDescriptorCount:	-1

	GC Names	[PS MarkSweep, PS Scavenge]

	MEMORY_NAME                    | allocation_size                | init_size                      
	PS Eden Space                  | 512.50MB                       | 512.50MB                       
	Code Cache                     | 240.00MB                       | 2.44MB                         
	Compressed Class Space         | 1,024.00MB                     | 0.00MB                         
	PS Survivor Space              | 85.00MB                        | 85.00MB                        
	PS Old Gen                     | 1,365.50MB                     | 1,365.50MB                     
	Metaspace                      | -0.00MB                        | 0.00MB                         


2024-01-28 18:40:45.155 [main] INFO  Engine - 
{
	"content":[
		{
			"reader":{
				"name":"sqlserverreader",
				"parameter":{
					"column":[
						"[BUSI_CODE]",
						"[BUSI_RATING_LVL]",
						"[BUSI_INVEST_LMT]",
						"[BUSI_INVEST_PRO]",
						"[BUSI_EXPECT_INCOME]",
						"[RATING_LVL]",
						"[INVEST_LMT]",
						"[INVEST_PRO]",
						"[EXPECT_INCOME]",
						"[CUST_LASTRISK_FLAG]",
						"[PROF_INVESTOR_TYPE]",
						"[CHK_MATCH_FLAG]",
						"[STRONG_MATCH]"
					],
					"connection":[
						{
							"jdbcUrl":[
								"jdbc:sqlserver://10.81.2.110:1433;DatabaseName=YGT;"
							],
							"table":[
								"YGT.dbo.OPP_CUST_RISK_MATCH"
							]
						}
					],
					"password":"*********",
					"splitPk":"",
					"username":"sa"
				}
			},
			"writer":{
				"name":"postgresqlwriter",
				"parameter":{
					"column":[
						"\"busi_code\"",
						"\"busi_rating_lvl\"",
						"\"busi_invest_lmt\"",
						"\"busi_invest_pro\"",
						"\"busi_expect_income\"",
						"\"rating_lvl\"",
						"\"invest_lmt\"",
						"\"invest_pro\"",
						"\"expect_income\"",
						"\"cust_lastrisk_flag\"",
						"\"prof_investor_type\"",
						"\"chk_match_flag\"",
						"\"strong_match\""
					],
					"connection":[
						{
							"jdbcUrl":"jdbc:postgresql://10.201.65.24:30100/ygt",
							"table":[
								"ygt.ygt.opp_cust_risk_match"
							]
						}
					],
					"password":"*************",
					"preSql":[
						"TRUNCATE TABLE ygt.ygt.opp_cust_risk_match"
					],
					"username":"ygt"
				}
			}
		}
	],
	"setting":{
		"errorLimit":{
			"record":0
		},
		"speed":{
			"byte":-1,
			"channel":10,
			"record":-1
		}
	}
}

2024-01-28 18:40:45.181 [main] WARN  Engine - prioriy set to 0, because NumberFormatException, the value is: null
2024-01-28 18:40:45.185 [main] INFO  PerfTrace - PerfTrace traceId=job_-1, isEnable=false, priority=0
2024-01-28 18:40:45.185 [main] INFO  JobContainer - DataX jobContainer starts job.
2024-01-28 18:40:45.190 [main] INFO  JobContainer - Set jobId = 0
