2024-01-28 18:12:45.310 [main] INFO  MessageSource - JVM TimeZone: GMT+08:00, Locale: zh_CN
2024-01-28 18:12:45.313 [main] INFO  MessageSource - use Locale: zh_CN timeZone: sun.util.calendar.ZoneInfo[id="GMT+08:00",offset=28800000,dstSavings=0,useDaylight=false,transitions=0,lastRule=null]
2024-01-28 18:12:45.447 [main] INFO  VMInfo - VMInfo# operatingSystem class => sun.management.OperatingSystemImpl
2024-01-28 18:12:45.453 [main] INFO  Engine - the machine info  => 

	osInfo:	Oracle Corporation 1.8 25.192-b12
	jvmInfo:	Windows 10 amd64 10.0
	cpu num:	16

	totalPhysicalMemory:	-0.00G
	freePhysicalMemory:	-0.00G
	maxFileDescriptorCount:	-1
	currentOpenFileDescriptorCount:	-1

	GC Names	[PS MarkSweep, PS Scavenge]

	MEMORY_NAME                    | allocation_size                | init_size                      
	PS Eden Space                  | 512.50MB                       | 512.50MB                       
	Code Cache                     | 240.00MB                       | 2.44MB                         
	Compressed Class Space         | 1,024.00MB                     | 0.00MB                         
	PS Survivor Space              | 85.00MB                        | 85.00MB                        
	PS Old Gen                     | 1,365.50MB                     | 1,365.50MB                     
	Metaspace                      | -0.00MB                        | 0.00MB                         


2024-01-28 18:12:45.496 [main] INFO  Engine - 
{
	"content":[
		{
			"reader":{
				"name":"sqlserverreader",
				"parameter":{
					"column":[
						"[SCHED_NAME]",
						"[TRIGGER_NAME]",
						"[TRIGGER_GROUP]",
						"[JOB_NAME]",
						"[JOB_GROUP]",
						"[DESCRIPTION]",
						"[NEXT_FIRE_TIME]",
						"[PREV_FIRE_TIME]",
						"[PRIORITY]",
						"[TRIGGER_STATE]",
						"[TRIGGER_TYPE]",
						"[START_TIME]",
						"[END_TIME]",
						"[CALENDAR_NAME]",
						"[MISFIRE_INSTR]",
						"[JOB_DATA]"
					],
					"connection":[
						{
							"jdbcUrl":[
								"jdbc:sqlserver://10.81.2.110:1433;DatabaseName=YGT;"
							],
							"table":[
								"YGT.dbo.UPM_QRTZ_TRIGGERS"
							]
						}
					],
					"password":"*********",
					"splitPk":"",
					"username":"sa"
				}
			},
			"writer":{
				"name":"postgresqlwriter",
				"parameter":{
					"column":[
						"\"sched_name\"",
						"\"trigger_name\"",
						"\"trigger_group\"",
						"\"job_name\"",
						"\"job_group\"",
						"\"description\"",
						"\"next_fire_time\"",
						"\"prev_fire_time\"",
						"\"priority\"",
						"\"trigger_state\"",
						"\"trigger_type\"",
						"\"start_time\"",
						"\"end_time\"",
						"\"calendar_name\"",
						"\"misfire_instr\"",
						"\"job_data\""
					],
					"connection":[
						{
							"jdbcUrl":"jdbc:postgresql://10.201.65.24:30100/ygt",
							"table":[
								"ygt.ygt.upm_qrtz_triggers"
							]
						}
					],
					"password":"*************",
					"preSql":[
						"DELETE FROM ygt.ygt.upm_qrtz_triggers"
					],
					"username":"ygt"
				}
			}
		}
	],
	"setting":{
		"errorLimit":{
			"record":0
		},
		"speed":{
			"byte":-1,
			"channel":10,
			"record":-1
		}
	}
}

2024-01-28 18:12:45.509 [main] WARN  Engine - prioriy set to 0, because NumberFormatException, the value is: null
2024-01-28 18:12:45.510 [main] INFO  PerfTrace - PerfTrace traceId=job_-1, isEnable=false, priority=0
2024-01-28 18:12:45.511 [main] INFO  JobContainer - DataX jobContainer starts job.
2024-01-28 18:12:45.513 [main] INFO  JobContainer - Set jobId = 0
