2024-01-28 18:28:42.618 [main] INFO  MessageSource - JVM TimeZone: GMT+08:00, Locale: zh_CN
2024-01-28 18:28:42.621 [main] INFO  MessageSource - use Locale: zh_CN timeZone: sun.util.calendar.ZoneInfo[id="GMT+08:00",offset=28800000,dstSavings=0,useDaylight=false,transitions=0,lastRule=null]
2024-01-28 18:28:42.631 [main] INFO  VMInfo - VMInfo# operatingSystem class => sun.management.OperatingSystemImpl
2024-01-28 18:28:42.636 [main] INFO  Engine - the machine info  => 

	osInfo:	Oracle Corporation 1.8 25.192-b12
	jvmInfo:	Windows 10 amd64 10.0
	cpu num:	16

	totalPhysicalMemory:	-0.00G
	freePhysicalMemory:	-0.00G
	maxFileDescriptorCount:	-1
	currentOpenFileDescriptorCount:	-1

	GC Names	[PS MarkSweep, PS Scavenge]

	MEMORY_NAME                    | allocation_size                | init_size                      
	PS Eden Space                  | 512.50MB                       | 512.50MB                       
	Code Cache                     | 240.00MB                       | 2.44MB                         
	Compressed Class Space         | 1,024.00MB                     | 0.00MB                         
	PS Survivor Space              | 85.00MB                        | 85.00MB                        
	PS Old Gen                     | 1,365.50MB                     | 1,365.50MB                     
	Metaspace                      | -0.00MB                        | 0.00MB                         


2024-01-28 18:28:42.655 [main] INFO  Engine - 
{
	"content":[
		{
			"reader":{
				"name":"sqlserverreader",
				"parameter":{
					"column":[
						"[MENU_ID]",
						"[MENU_NAME]",
						"[MENU_PUR]",
						"[PAR_MENU]",
						"[PAR_MENU_FIRST]",
						"[PAR_MENU_SECOND]",
						"[MENU_PATH]",
						"[MENU_LINK]",
						"[REMARK]",
						"[MENU_VIEW_ID]",
						"[QSJGDM]",
						"[MENU_OEM]",
						"[RELEASE_TYPE]",
						"[RELEASE_VERSION]",
						"[LAST_UPD_VERSION]"
					],
					"connection":[
						{
							"jdbcUrl":[
								"jdbc:sqlserver://10.81.2.110:1433;DatabaseName=YGT;"
							],
							"table":[
								"YGT.dbo.PRO_RELEASE_MENU"
							]
						}
					],
					"password":"*********",
					"splitPk":"",
					"username":"sa"
				}
			},
			"writer":{
				"name":"postgresqlwriter",
				"parameter":{
					"column":[
						"\"menu_id\"",
						"\"menu_name\"",
						"\"menu_pur\"",
						"\"par_menu\"",
						"\"par_menu_first\"",
						"\"par_menu_second\"",
						"\"menu_path\"",
						"\"menu_link\"",
						"\"remark\"",
						"\"menu_view_id\"",
						"\"qsjgdm\"",
						"\"menu_oem\"",
						"\"release_type\"",
						"\"release_version\"",
						"\"last_upd_version\""
					],
					"connection":[
						{
							"jdbcUrl":"jdbc:postgresql://10.201.65.24:30100/ygt",
							"table":[
								"ygt.ygt.pro_release_menu"
							]
						}
					],
					"password":"*************",
					"preSql":[
						"TRUNCATE TABLE ygt.ygt.pro_release_menu"
					],
					"username":"ygt"
				}
			}
		}
	],
	"setting":{
		"errorLimit":{
			"record":0
		},
		"speed":{
			"byte":-1,
			"channel":10,
			"record":-1
		}
	}
}

2024-01-28 18:28:42.674 [main] WARN  Engine - prioriy set to 0, because NumberFormatException, the value is: null
2024-01-28 18:28:42.675 [main] INFO  PerfTrace - PerfTrace traceId=job_-1, isEnable=false, priority=0
2024-01-28 18:28:42.676 [main] INFO  JobContainer - DataX jobContainer starts job.
2024-01-28 18:28:42.678 [main] INFO  JobContainer - Set jobId = 0
