2024-01-28 18:12:45.363 [main] INFO  MessageSource - JVM TimeZone: GMT+08:00, Locale: zh_CN
2024-01-28 18:12:45.364 [main] INFO  MessageSource - use Locale: zh_CN timeZone: sun.util.calendar.ZoneInfo[id="GMT+08:00",offset=28800000,dstSavings=0,useDaylight=false,transitions=0,lastRule=null]
2024-01-28 18:12:45.461 [main] INFO  VMInfo - VMInfo# operatingSystem class => sun.management.OperatingSystemImpl
2024-01-28 18:12:45.466 [main] INFO  Engine - the machine info  => 

	osInfo:	Oracle Corporation 1.8 25.192-b12
	jvmInfo:	Windows 10 amd64 10.0
	cpu num:	16

	totalPhysicalMemory:	-0.00G
	freePhysicalMemory:	-0.00G
	maxFileDescriptorCount:	-1
	currentOpenFileDescriptorCount:	-1

	GC Names	[PS MarkSweep, PS Scavenge]

	MEMORY_NAME                    | allocation_size                | init_size                      
	PS Eden Space                  | 512.50MB                       | 512.50MB                       
	Code Cache                     | 240.00MB                       | 2.44MB                         
	Compressed Class Space         | 1,024.00MB                     | 0.00MB                         
	PS Survivor Space              | 85.00MB                        | 85.00MB                        
	PS Old Gen                     | 1,365.50MB                     | 1,365.50MB                     
	Metaspace                      | -0.00MB                        | 0.00MB                         


2024-01-28 18:12:45.505 [main] INFO  Engine - 
{
	"content":[
		{
			"reader":{
				"name":"sqlserverreader",
				"parameter":{
					"column":[
						"[OP_CODE]",
						"[OP_PASS]",
						"[OP_CLS]",
						"[OP_STATUS]",
						"[USER_CODE]",
						"[ORG_CODE]",
						"[CHANNELS]",
						"[OPEN_DATE]",
						"[CLOSE_DATE]",
						"[LOG_IP]",
						"[LOG_DATE]",
						"[REMARK]",
						"[OPER_EXT_ATTR]",
						"[PWD_RESET_FLAG]",
						"[LOCK_TIME]"
					],
					"connection":[
						{
							"jdbcUrl":[
								"jdbc:sqlserver://10.81.2.110:1433;DatabaseName=YGT;"
							],
							"table":[
								"YGT.dbo.UUM_OPERATOR_BAK"
							]
						}
					],
					"password":"*********",
					"splitPk":"",
					"username":"sa"
				}
			},
			"writer":{
				"name":"postgresqlwriter",
				"parameter":{
					"column":[
						"\"op_code\"",
						"\"op_pass\"",
						"\"op_cls\"",
						"\"op_status\"",
						"\"user_code\"",
						"\"org_code\"",
						"\"channels\"",
						"\"open_date\"",
						"\"close_date\"",
						"\"log_ip\"",
						"\"log_date\"",
						"\"remark\"",
						"\"oper_ext_attr\"",
						"\"pwd_reset_flag\"",
						"\"lock_time\""
					],
					"connection":[
						{
							"jdbcUrl":"jdbc:postgresql://10.201.65.24:30100/ygt",
							"table":[
								"ygt.ygt.uum_operator_bak"
							]
						}
					],
					"password":"*************",
					"preSql":[
						"TRUNCATE TABLE ygt.ygt.uum_operator_bak"
					],
					"username":"ygt"
				}
			}
		}
	],
	"setting":{
		"errorLimit":{
			"record":0
		},
		"speed":{
			"byte":-1,
			"channel":10,
			"record":-1
		}
	}
}

2024-01-28 18:12:45.519 [main] WARN  Engine - prioriy set to 0, because NumberFormatException, the value is: null
2024-01-28 18:12:45.520 [main] INFO  PerfTrace - PerfTrace traceId=job_-1, isEnable=false, priority=0
2024-01-28 18:12:45.520 [main] INFO  JobContainer - DataX jobContainer starts job.
2024-01-28 18:12:45.539 [main] INFO  JobContainer - Set jobId = 0
