2024-01-28 18:57:52.421 [main] INFO  MessageSource - JVM TimeZone: GMT+08:00, Locale: zh_CN
2024-01-28 18:57:52.428 [main] INFO  MessageSource - use Locale: zh_CN timeZone: sun.util.calendar.ZoneInfo[id="GMT+08:00",offset=28800000,dstSavings=0,useDaylight=false,transitions=0,lastRule=null]
2024-01-28 18:57:52.439 [main] INFO  VMInfo - VMInfo# operatingSystem class => sun.management.OperatingSystemImpl
2024-01-28 18:57:52.445 [main] INFO  Engine - the machine info  => 

	osInfo:	Oracle Corporation 1.8 25.192-b12
	jvmInfo:	Windows 10 amd64 10.0
	cpu num:	16

	totalPhysicalMemory:	-0.00G
	freePhysicalMemory:	-0.00G
	maxFileDescriptorCount:	-1
	currentOpenFileDescriptorCount:	-1

	GC Names	[PS MarkSweep, PS Scavenge]

	MEMORY_NAME                    | allocation_size                | init_size                      
	PS Eden Space                  | 512.50MB                       | 512.50MB                       
	Code Cache                     | 240.00MB                       | 2.44MB                         
	Compressed Class Space         | 1,024.00MB                     | 0.00MB                         
	PS Survivor Space              | 85.00MB                        | 85.00MB                        
	PS Old Gen                     | 1,365.50MB                     | 1,365.50MB                     
	Metaspace                      | -0.00MB                        | 0.00MB                         


2024-01-28 18:57:52.477 [main] INFO  Engine - 
{
	"content":[
		{
			"reader":{
				"name":"sqlserverreader",
				"parameter":{
					"column":[
						"[HI_ACTINST_ID]",
						"[PROC_DEF_ID]",
						"[PROC_INST_ID]",
						"[EXECUTION_ID]",
						"[ACT_ID]",
						"[TASK_ID]",
						"[CALL_PROC_INST_ID]",
						"[ACT_NAME]",
						"[ACT_TYPE]",
						"[ASSIGNEE]",
						"[START_TIME]",
						"[END_TIME]",
						"[DURATION]",
						"[CREATE_TIME]",
						"[NEXT_ACT]"
					],
					"connection":[
						{
							"jdbcUrl":[
								"jdbc:sqlserver://10.81.2.110:1433;DatabaseName=YGT;"
							],
							"table":[
								"YGT.dbo.UWK_HI_ACTINST"
							]
						}
					],
					"password":"*********",
					"splitPk":"",
					"username":"sa"
				}
			},
			"writer":{
				"name":"postgresqlwriter",
				"parameter":{
					"column":[
						"\"hi_actinst_id\"",
						"\"proc_def_id\"",
						"\"proc_inst_id\"",
						"\"execution_id\"",
						"\"act_id\"",
						"\"task_id\"",
						"\"call_proc_inst_id\"",
						"\"act_name\"",
						"\"act_type\"",
						"\"assignee\"",
						"\"start_time\"",
						"\"end_time\"",
						"\"duration\"",
						"\"create_time\"",
						"\"next_act\""
					],
					"connection":[
						{
							"jdbcUrl":"jdbc:postgresql://10.201.65.24:30100/ygt",
							"table":[
								"ygt.ygt.uwk_hi_actinst"
							]
						}
					],
					"password":"*************",
					"preSql":[
						"TRUNCATE TABLE ygt.ygt.uwk_hi_actinst"
					],
					"username":"ygt"
				}
			}
		}
	],
	"setting":{
		"errorLimit":{
			"record":0
		},
		"speed":{
			"byte":-1,
			"channel":10,
			"record":-1
		}
	}
}

2024-01-28 18:57:52.515 [main] WARN  Engine - prioriy set to 0, because NumberFormatException, the value is: null
2024-01-28 18:57:52.521 [main] INFO  PerfTrace - PerfTrace traceId=job_-1, isEnable=false, priority=0
2024-01-28 18:57:52.522 [main] INFO  JobContainer - DataX jobContainer starts job.
2024-01-28 18:57:52.524 [main] INFO  JobContainer - Set jobId = 0
