2024-01-28 18:28:41.821 [main] INFO  MessageSource - JVM TimeZone: GMT+08:00, Locale: zh_CN
2024-01-28 18:28:41.824 [main] INFO  MessageSource - use Locale: zh_CN timeZone: sun.util.calendar.ZoneInfo[id="GMT+08:00",offset=28800000,dstSavings=0,useDaylight=false,transitions=0,lastRule=null]
2024-01-28 18:28:41.836 [main] INFO  VMInfo - VMInfo# operatingSystem class => sun.management.OperatingSystemImpl
2024-01-28 18:28:41.843 [main] INFO  Engine - the machine info  => 

	osInfo:	Oracle Corporation 1.8 25.192-b12
	jvmInfo:	Windows 10 amd64 10.0
	cpu num:	16

	totalPhysicalMemory:	-0.00G
	freePhysicalMemory:	-0.00G
	maxFileDescriptorCount:	-1
	currentOpenFileDescriptorCount:	-1

	GC Names	[PS MarkSweep, PS Scavenge]

	MEMORY_NAME                    | allocation_size                | init_size                      
	PS Eden Space                  | 512.50MB                       | 512.50MB                       
	Code Cache                     | 240.00MB                       | 2.44MB                         
	Compressed Class Space         | 1,024.00MB                     | 0.00MB                         
	PS Survivor Space              | 85.00MB                        | 85.00MB                        
	PS Old Gen                     | 1,365.50MB                     | 1,365.50MB                     
	Metaspace                      | -0.00MB                        | 0.00MB                         


2024-01-28 18:28:41.872 [main] INFO  Engine - 
{
	"content":[
		{
			"reader":{
				"name":"sqlserverreader",
				"parameter":{
					"column":[
						"[SERIAL_NO]",
						"[OCCUR_TIME]",
						"[OCCUR_DATE]",
						"[OP_CODE]",
						"[CHANNEL]",
						"[BUS_CODE]",
						"[BUS_NAME]",
						"[DATA_OP_TYPE]",
						"[OLD_DATA]",
						"[NEW_DATA]",
						"[DATA_OP_STATUS]",
						"[ERROR_MESSAGE]",
						"[ERROR_CODE]",
						"[SYS_CODE]",
						"[SYS_SERIAL_NO]",
						"[SYS_USER_CODE]",
						"[OP_SITE]",
						"[F_YZT_CHANNEL]",
						"[REMARK]",
						"[EXEC_TIMES]",
						"[MENU_ID]",
						"[MENU_NAME]"
					],
					"connection":[
						{
							"jdbcUrl":[
								"jdbc:sqlserver://10.81.2.110:1433;DatabaseName=YGT;"
							],
							"table":[
								"YGT.dbo.UPM_OPT_LOG"
							]
						}
					],
					"password":"*********",
					"splitPk":"",
					"username":"sa"
				}
			},
			"writer":{
				"name":"postgresqlwriter",
				"parameter":{
					"column":[
						"\"serial_no\"",
						"\"occur_time\"",
						"\"occur_date\"",
						"\"op_code\"",
						"\"channel\"",
						"\"bus_code\"",
						"\"bus_name\"",
						"\"data_op_type\"",
						"\"old_data\"",
						"\"new_data\"",
						"\"data_op_status\"",
						"\"error_message\"",
						"\"error_code\"",
						"\"sys_code\"",
						"\"sys_serial_no\"",
						"\"sys_user_code\"",
						"\"op_site\"",
						"\"f_yzt_channel\"",
						"\"remark\"",
						"\"exec_times\"",
						"\"menu_id\"",
						"\"menu_name\""
					],
					"connection":[
						{
							"jdbcUrl":"jdbc:postgresql://10.201.65.24:30100/ygt",
							"table":[
								"ygt.ygt.upm_opt_log"
							]
						}
					],
					"password":"*************",
					"preSql":[
						"TRUNCATE TABLE ygt.ygt.upm_opt_log"
					],
					"username":"ygt"
				}
			}
		}
	],
	"setting":{
		"errorLimit":{
			"record":0
		},
		"speed":{
			"byte":-1,
			"channel":10,
			"record":-1
		}
	}
}

2024-01-28 18:28:41.893 [main] WARN  Engine - prioriy set to 0, because NumberFormatException, the value is: null
2024-01-28 18:28:41.894 [main] INFO  PerfTrace - PerfTrace traceId=job_-1, isEnable=false, priority=0
2024-01-28 18:28:41.894 [main] INFO  JobContainer - DataX jobContainer starts job.
2024-01-28 18:28:41.896 [main] INFO  JobContainer - Set jobId = 0
