2024-01-28 18:58:42.665 [main] INFO  MessageSource - JVM TimeZone: GMT+08:00, Locale: zh_CN
2024-01-28 18:58:42.667 [main] INFO  MessageSource - use Locale: zh_CN timeZone: sun.util.calendar.ZoneInfo[id="GMT+08:00",offset=28800000,dstSavings=0,useDaylight=false,transitions=0,lastRule=null]
2024-01-28 18:58:42.678 [main] INFO  VMInfo - VMInfo# operatingSystem class => sun.management.OperatingSystemImpl
2024-01-28 18:58:42.684 [main] INFO  Engine - the machine info  => 

	osInfo:	Oracle Corporation 1.8 25.192-b12
	jvmInfo:	Windows 10 amd64 10.0
	cpu num:	16

	totalPhysicalMemory:	-0.00G
	freePhysicalMemory:	-0.00G
	maxFileDescriptorCount:	-1
	currentOpenFileDescriptorCount:	-1

	GC Names	[PS MarkSweep, PS Scavenge]

	MEMORY_NAME                    | allocation_size                | init_size                      
	PS Eden Space                  | 512.50MB                       | 512.50MB                       
	Code Cache                     | 240.00MB                       | 2.44MB                         
	Compressed Class Space         | 1,024.00MB                     | 0.00MB                         
	PS Survivor Space              | 85.00MB                        | 85.00MB                        
	PS Old Gen                     | 1,365.50MB                     | 1,365.50MB                     
	Metaspace                      | -0.00MB                        | 0.00MB                         


2024-01-28 18:58:42.710 [main] INFO  Engine - 
{
	"content":[
		{
			"reader":{
				"name":"sqlserverreader",
				"parameter":{
					"column":[
						"[B_SNO]",
						"[BUSI_CODE]",
						"[OPER_TIME]",
						"[EXECUTION_ID]",
						"[CUST_CODE]",
						"[CUST_NAME]",
						"[CUST_FNAME]",
						"[CUSTOMER_LVL]",
						"[OP_ORG]",
						"[OP_CODE]",
						"[PROC_STATUS]",
						"[ACCEPT_PARAM]",
						"[REMARK]",
						"[DEAL_PARAM]",
						"[ERROR_CODE]",
						"[ERROR_MSG]",
						"[YZT_CHANNEL]",
						"[NODE_CODE]",
						"[ID_TYPE]",
						"[ID_CODE]",
						"[USER_TYPE]",
						"[CUACCT_CODE]",
						"[HANDLE_CODE]",
						"[IS_AGENT]",
						"[IS_DELETED]",
						"[SUBJECT_IDENTITY]",
						"[SZORG_TYPE]",
						"[LEGAL_REP_TYPE]",
						"[YZT_RISK_FACTOR]",
						"[MD5]",
						"[AGENT_USER_CODE]",
						"[EXT_COL1]",
						"[EXT_COL2]",
						"[EXT_COL3]",
						"[EXT_COL4]",
						"[EXT_COL5]",
						"[MERGE_SNO]",
						"[ALLOW_ACCEPT]",
						"[ORG_CODE]",
						"[PRE_OP_CODE]",
						"[SUPPLY_COLLECT_FLAG]",
						"[COMPLIANCE_STATUS]",
						"[COMPLIANCE_CODE]",
						"[GENERAL_REVIEW_KEY]",
						"[GENERAL_REVIEW_CODE]",
						"[IS_STAT]",
						"[DOCK_SNO]",
						"[OP_SITE]",
						"[KIDM_SNO]",
						"[INTELLIGENT_STATUS]",
						"[INTELLIGENT_SNO]",
						"[INTELLIGENT_RES]",
						"[CREATE_TIME]",
						"[WITNESS_CODE]",
						"[REVIEW_STATUS]",
						"[IS_NEW_OPEN]"
					],
					"connection":[
						{
							"jdbcUrl":[
								"jdbc:sqlserver://10.81.2.110:1433;DatabaseName=YGT;"
							],
							"table":[
								"YGT.dbo.OPP_BUSI_DATA"
							]
						}
					],
					"password":"*********",
					"splitPk":"",
					"username":"sa"
				}
			},
			"writer":{
				"name":"postgresqlwriter",
				"parameter":{
					"column":[
						"\"b_sno\"",
						"\"busi_code\"",
						"\"oper_time\"",
						"\"execution_id\"",
						"\"cust_code\"",
						"\"cust_name\"",
						"\"cust_fname\"",
						"\"customer_lvl\"",
						"\"op_org\"",
						"\"op_code\"",
						"\"proc_status\"",
						"\"accept_param\"",
						"\"remark\"",
						"\"deal_param\"",
						"\"error_code\"",
						"\"error_msg\"",
						"\"yzt_channel\"",
						"\"node_code\"",
						"\"id_type\"",
						"\"id_code\"",
						"\"user_type\"",
						"\"cuacct_code\"",
						"\"handle_code\"",
						"\"is_agent\"",
						"\"is_deleted\"",
						"\"subject_identity\"",
						"\"szorg_type\"",
						"\"legal_rep_type\"",
						"\"yzt_risk_factor\"",
						"\"md5\"",
						"\"agent_user_code\"",
						"\"ext_col1\"",
						"\"ext_col2\"",
						"\"ext_col3\"",
						"\"ext_col4\"",
						"\"ext_col5\"",
						"\"merge_sno\"",
						"\"allow_accept\"",
						"\"org_code\"",
						"\"pre_op_code\"",
						"\"supply_collect_flag\"",
						"\"compliance_status\"",
						"\"compliance_code\"",
						"\"general_review_key\"",
						"\"general_review_code\"",
						"\"is_stat\"",
						"\"dock_sno\"",
						"\"op_site\"",
						"\"kidm_sno\"",
						"\"intelligent_status\"",
						"\"intelligent_sno\"",
						"\"intelligent_res\"",
						"\"create_time\"",
						"\"witness_code\"",
						"\"review_status\"",
						"\"is_new_open\""
					],
					"connection":[
						{
							"jdbcUrl":"jdbc:postgresql://10.201.65.24:30100/ygt",
							"table":[
								"ygt.ygt.opp_busi_data"
							]
						}
					],
					"password":"*************",
					"preSql":[
						"TRUNCATE TABLE ygt.ygt.opp_busi_data"
					],
					"username":"ygt"
				}
			}
		}
	],
	"setting":{
		"errorLimit":{
			"record":0
		},
		"speed":{
			"byte":-1,
			"channel":10,
			"record":-1
		}
	}
}

2024-01-28 18:58:42.728 [main] WARN  Engine - prioriy set to 0, because NumberFormatException, the value is: null
2024-01-28 18:58:42.730 [main] INFO  PerfTrace - PerfTrace traceId=job_-1, isEnable=false, priority=0
2024-01-28 18:58:42.730 [main] INFO  JobContainer - DataX jobContainer starts job.
2024-01-28 18:58:42.732 [main] INFO  JobContainer - Set jobId = 0
2024-01-28 18:58:50.558 [job-0] INFO  OriginalConfPretreatmentUtil - Available jdbcUrl:jdbc:sqlserver://10.81.2.110:1433;DatabaseName=YGT;.
2024-01-28 18:58:50.829 [job-0] INFO  OriginalConfPretreatmentUtil - table:[YGT.dbo.OPP_BUSI_DATA] has columns:[B_SNO,BUSI_CODE,OPER_TIME,EXECUTION_ID,CUST_CODE,CUST_NAME,CUST_FNAME,CUSTOMER_LVL,OP_ORG,OP_CODE,PROC_STATUS,ACCEPT_PARAM,REMARK,DEAL_PARAM,ERROR_CODE,ERROR_MSG,YZT_CHANNEL,NODE_CODE,ID_TYPE,ID_CODE,USER_TYPE,CUACCT_CODE,HANDLE_CODE,IS_AGENT,IS_DELETED,SUBJECT_IDENTITY,SZORG_TYPE,LEGAL_REP_TYPE,YZT_RISK_FACTOR,MD5,AGENT_USER_CODE,EXT_COL1,EXT_COL2,EXT_COL3,EXT_COL4,EXT_COL5,MERGE_SNO,ALLOW_ACCEPT,ORG_CODE,PRE_OP_CODE,SUPPLY_COLLECT_FLAG,COMPLIANCE_STATUS,COMPLIANCE_CODE,GENERAL_REVIEW_KEY,GENERAL_REVIEW_CODE,IS_STAT,DOCK_SNO,OP_SITE,KIDM_SNO,INTELLIGENT_STATUS,INTELLIGENT_SNO,INTELLIGENT_RES,CREATE_TIME,WITNESS_CODE,REVIEW_STATUS,IS_NEW_OPEN].
2024-01-28 18:58:51.443 [job-0] INFO  OriginalConfPretreatmentUtil - table:[ygt.ygt.opp_busi_data] all columns:[
b_sno,busi_code,oper_time,execution_id,cust_code,cust_name,cust_fname,customer_lvl,op_org,op_code,proc_status,accept_param,remark,deal_param,error_code,error_msg,yzt_channel,node_code,id_type,id_code,user_type,cuacct_code,handle_code,is_agent,is_deleted,subject_identity,szorg_type,legal_rep_type,yzt_risk_factor,md5,agent_user_code,ext_col1,ext_col2,ext_col3,ext_col4,ext_col5,merge_sno,allow_accept,dock_sno,is_stat,op_site,kidm_sno,intelligent_status,intelligent_sno,intelligent_res,create_time,witness_code,supply_collect_flag,compliance_status,compliance_code,general_review_key,general_review_code,org_code,pre_op_code,review_status,is_new_open
].
2024-01-28 18:58:51.945 [job-0] INFO  OriginalConfPretreatmentUtil - Write data [
INSERT INTO %s ("b_sno","busi_code","oper_time","execution_id","cust_code","cust_name","cust_fname","customer_lvl","op_org","op_code","proc_status","accept_param","remark","deal_param","error_code","error_msg","yzt_channel","node_code","id_type","id_code","user_type","cuacct_code","handle_code","is_agent","is_deleted","subject_identity","szorg_type","legal_rep_type","yzt_risk_factor","md5","agent_user_code","ext_col1","ext_col2","ext_col3","ext_col4","ext_col5","merge_sno","allow_accept","org_code","pre_op_code","supply_collect_flag","compliance_status","compliance_code","general_review_key","general_review_code","is_stat","dock_sno","op_site","kidm_sno","intelligent_status","intelligent_sno","intelligent_res","create_time","witness_code","review_status","is_new_open") VALUES(?,?,?,?,?,?,?,?,?,?,?,?,?,?,?,?,?,?,?,?,?,?,?,?,?,?,?,?,?,?,?,?,?,?,?,?,?,?,?,?,?,?,?,?,?,?,?,?,?,?,?,?,?,?,?,?)
], which jdbcUrl like:[jdbc:postgresql://10.201.65.24:30100/ygt]
2024-01-28 18:58:51.946 [job-0] INFO  JobContainer - jobContainer starts to do prepare ...
2024-01-28 18:58:51.946 [job-0] INFO  JobContainer - DataX Reader.Job [sqlserverreader] do prepare work .
2024-01-28 18:58:51.946 [job-0] INFO  JobContainer - DataX Writer.Job [postgresqlwriter] do prepare work .
2024-01-28 18:58:52.401 [job-0] INFO  CommonRdbmsWriter$Job - Begin to execute preSqls:[TRUNCATE TABLE ygt.ygt.opp_busi_data]. context info:jdbc:postgresql://10.201.65.24:30100/ygt.
2024-01-28 18:58:52.444 [job-0] ERROR JobContainer - Exception when job run
com.alibaba.datax.common.exception.DataXException: Code:[DBUtilErrorCode-06], Description:[执行数据库 Sql 失败, 请检查您的配置的 column/table/where/querySql或者向 DBA 寻求帮助.].  - 执行的SQL为: TRUNCATE TABLE ygt.ygt.opp_busi_data 具体错误信息为：org.postgresql.util.PSQLException: [10.10.10.58:60853/10.201.65.24:30100] ERROR: cannot execute TRUNCATE TABLE in a read-only transaction
	at com.alibaba.datax.common.exception.DataXException.asDataXException(DataXException.java:30) ~[datax-common-0.0.1-SNAPSHOT.jar:na]
	at com.alibaba.datax.plugin.rdbms.util.RdbmsException.asQueryException(RdbmsException.java:97) ~[plugin-rdbms-util-0.0.1-SNAPSHOT.jar:na]
	at com.alibaba.datax.plugin.rdbms.writer.util.WriterUtil.executeSqls(WriterUtil.java:105) ~[plugin-rdbms-util-0.0.1-SNAPSHOT.jar:na]
	at com.alibaba.datax.plugin.rdbms.writer.CommonRdbmsWriter$Job.prepare(CommonRdbmsWriter.java:121) ~[plugin-rdbms-util-0.0.1-SNAPSHOT.jar:na]
	at com.alibaba.datax.plugin.writer.postgresqlwriter.PostgresqlWriter$Job.prepare(PostgresqlWriter.java:38) ~[postgresqlwriter-0.0.1-SNAPSHOT.jar:na]
	at com.alibaba.datax.core.job.JobContainer.prepareJobWriter(JobContainer.java:724) ~[datax-core-0.0.1-SNAPSHOT.jar:na]
	at com.alibaba.datax.core.job.JobContainer.prepare(JobContainer.java:309) ~[datax-core-0.0.1-SNAPSHOT.jar:na]
	at com.alibaba.datax.core.job.JobContainer.start(JobContainer.java:115) ~[datax-core-0.0.1-SNAPSHOT.jar:na]
	at com.alibaba.datax.core.Engine.start(Engine.java:93) [datax-core-0.0.1-SNAPSHOT.jar:na]
	at com.alibaba.datax.core.Engine.entry(Engine.java:175) [datax-core-0.0.1-SNAPSHOT.jar:na]
	at com.alibaba.datax.core.Engine.main(Engine.java:208) [datax-core-0.0.1-SNAPSHOT.jar:na]
2024-01-28 18:58:52.448 [job-0] INFO  StandAloneJobContainerCommunicator - Total 0 records, 0 bytes | Speed 0B/s, 0 records/s | Error 0 records, 0 bytes |  All Task WaitWriterTime 0.000s |  All Task WaitReaderTime 0.000s | Percentage 0.00%
2024-01-28 18:58:52.449 [job-0] ERROR Engine - 

经DataX智能分析,该任务最可能的错误原因是:
com.alibaba.datax.common.exception.DataXException: Code:[DBUtilErrorCode-06], Description:[执行数据库 Sql 失败, 请检查您的配置的 column/table/where/querySql或者向 DBA 寻求帮助.].  - 执行的SQL为: TRUNCATE TABLE ygt.ygt.opp_busi_data 具体错误信息为：org.postgresql.util.PSQLException: [10.10.10.58:60853/10.201.65.24:30100] ERROR: cannot execute TRUNCATE TABLE in a read-only transaction
	at com.alibaba.datax.common.exception.DataXException.asDataXException(DataXException.java:30)
	at com.alibaba.datax.plugin.rdbms.util.RdbmsException.asQueryException(RdbmsException.java:97)
	at com.alibaba.datax.plugin.rdbms.writer.util.WriterUtil.executeSqls(WriterUtil.java:105)
	at com.alibaba.datax.plugin.rdbms.writer.CommonRdbmsWriter$Job.prepare(CommonRdbmsWriter.java:121)
	at com.alibaba.datax.plugin.writer.postgresqlwriter.PostgresqlWriter$Job.prepare(PostgresqlWriter.java:38)
	at com.alibaba.datax.core.job.JobContainer.prepareJobWriter(JobContainer.java:724)
	at com.alibaba.datax.core.job.JobContainer.prepare(JobContainer.java:309)
	at com.alibaba.datax.core.job.JobContainer.start(JobContainer.java:115)
	at com.alibaba.datax.core.Engine.start(Engine.java:93)
	at com.alibaba.datax.core.Engine.entry(Engine.java:175)
	at com.alibaba.datax.core.Engine.main(Engine.java:208)

